/*C3*/SET SCHEMA PUBLIC
INSERT INTO T_CUSTOMER VALUES('H6XCLFYO','27060018','452421196808031851','\u9648\u632f\u6d77','\u7537','1968-08-03 17:07:03.310000',44,'\u5df2\u5a5a','\u826f\u597d','\u521d\u4e2d\u4ee5\u4e0a','45048110920502','','18276447822','','','\u7b4b\u7af9\u9ec4\u9675\u4e8c\u7ec441\u53f7','','2012-09-10 17:07:03.312000')
COMMIT
INSERT INTO T_FAMILY VALUES('H6XCMAEC','H6XCLFYO','\u83ab\u4e3d\u82f1','\u59bb','452421197104091842','\u5973','1971-04-09 17:07:42.755000',41,'\u826f\u597d','\u521d\u4e2d\u4ee5\u4e0a','\u5df2\u5a5a','')
COMMIT
INSERT INTO T_FAMILY VALUES('H6XCN320','H6XCLFYO','\u9648\u8363\u8d35','\u5b50','450481199204231818','\u7537','1992-04-23 17:08:19.896000',20,'\u826f\u597d','','','')
COMMIT
INSERT INTO T_FAMILY VALUES('H6XCNLOM','H6XCLFYO','\u9648\u8363\u660c','\u5b50','450481199309141819','\u7537','1993-09-14 17:08:44.038000',19,'','','','')
COMMIT
INSERT INTO T_FAMILY VALUES('H6XCO7HC','H6XCLFYO','\u9648\u8363\u8f89','\u5b50','450481199511221839','\u7537','1995-11-22 17:09:12.288000',17,'','','','')
COMMIT
INSERT INTO T_HOUSING VALUES('H6XCOKYI','\u9ec4\u9675\u4e8c\u7ec4','H6XCLFYO','\u4f4f\u5b85','\u6df7\u7816\u7ed3\u6784','\u623f\u5c4b',NULL,180.0E0,NULL)
COMMIT
INSERT INTO T_FORESTRIGHTS VALUES('H6XCOVPQ','H6XCLFYO',NULL,'\u7389\u6842\u516b\u89d2',NULL,2.0E0,'\u6210\u6750\u6797')
COMMIT
INSERT INTO T_FARMINCOME VALUES('H6XCP7Y6','H6XCLFYO','\u7802\u7cd6\u6854','700\u68f5',10.0E0,6.0E0)
COMMIT
INSERT INTO T_OTHERINCOME VALUES('H6XCPKW2','H6XCLFYO',3.0E0,NULL)
COMMIT
INSERT INTO T_OUTPUT VALUES('H6XCPKW7','H6XCLFYO',0.699999988079071E0,1.2000000476837158E0,1.100000023841858E0)
COMMIT
DELETE FROM T_OUTPUT WHERE ROWID='H6XCPKW7'
INSERT INTO T_OUTPUT VALUES('H6XCPKW7','H6XCLFYO',0.699999988079071E0,1.2000000476837158E0,1.100000023841858E0)
COMMIT
DELETE FROM T_OTHERINCOME WHERE ROWID='H6XCPKW2'
INSERT INTO T_OTHERINCOME VALUES('H6XCPKW2','H6XCLFYO',3.0E0,NULL)
COMMIT
DELETE FROM T_OUTPUT WHERE ROWID='H6XCPKW7'
INSERT INTO T_OUTPUT VALUES('H6XCPKW7','H6XCLFYO',0.699999988079071E0,1.2000000476837158E0,1.100000023841858E0)
COMMIT
DELETE FROM T_OUTPUT WHERE ROWID='H6XCPKW7'
INSERT INTO T_OUTPUT VALUES('H6XCPKW7','H6XCLFYO',0.699999988079071E0,1.2000000476837158E0,1.100000023841858E0)
COMMIT
INSERT INTO T_CREDIDT VALUES('H6XCQ3MV','H6XCLFYO','\u8d2d\u8f66\uff0c\u79cd\u690d',5.0E0,'','','','',NULL,'\u662f',4,'\u662f',5)
COMMIT
INSERT INTO T_DEBIGCND VALUES('H6XCQ3N3','H6XCLFYO',NULL,NULL)
COMMIT
INSERT INTO T_CUSTOMER VALUES('H6XCRWU6','27060019','45242119530505183X','\u9648\u4f1f\u6750','\u7537','1953-05-05 17:12:05.117000',59,'\u5df2\u5a5a','\u826f\u597d','\u521d\u4e2d\u4ee5\u4e0a','45048110920503','','18278014549','','','\u7b4b\u7af9\u9ec4\u9675\u4e09\u7ec442\u53f7','','2012-09-10 17:12:05.118000')
COMMIT
INSERT INTO T_FAMILY VALUES('H6XCSU05','H6XCRWU6','\u9a6c\u6c49\u82f1','\u59bb','452421195507141825','\u5973','1955-07-14 17:12:48.101000',57,'\u826f\u597d','\u521d\u4e2d\u4ee5\u4e0b','\u5df2\u5a5a','')
COMMIT
INSERT INTO T_FAMILY VALUES('H6XCTTPE','H6XCRWU6','\u9648\u575a','\u5b50','450421197609101815','\u7537','1976-09-10 17:13:34.370000',36,'\u826f\u597d','','\u5df2\u5a5a','')
COMMIT
INSERT INTO T_FAMILY VALUES('H6XCUPCI','H6XCRWU6','\u9648\u52c7','\u5b50','450481198607061855','\u7537','1986-07-06 17:14:15.377000',26,'\u826f\u597d','\u521d\u4e2d\u4ee5\u4e0b','\u672a\u5a5a','')
COMMIT
INSERT INTO T_FAMILY VALUES('H6XCV886','H6XCRWU6','\u9648\u70b3\u5f3a','\u5b50','452421198110051876','\u7537','1981-10-05 17:14:39.846000',31,'\u826f\u597d','','\u5df2\u5a5a','')
COMMIT
INSERT INTO T_FAMILY VALUES('H6XCVTUG','H6XCRWU6','\u8983\u4fca\u73b2','\u513f\u5ab3','450481198608151844','\u5973','1986-08-15 17:15:07.864000',26,'\u826f\u597d','','\u5df2\u5a5a','')
COMMIT
INSERT INTO T_HOUSING VALUES('H6XCW975','\u9ec4\u9675\u4e8c\u7ec4','H6XCRWU6','\u4f4f\u5b85','\u6df7\u7816\u7ed3\u6784','',NULL,105.0E0,7.0E0)
COMMIT
INSERT INTO T_FORESTRIGHTS VALUES('H6XCWKL8','H6XCRWU6',NULL,'\u7389\u6842\u516b\u89d2',NULL,12.0E0,NULL)
COMMIT
INSERT INTO T_VEHICLE VALUES('H6XCWXNA','H6XCRWU6',NULL,'1.5',NULL,'\u76ae\u5361',7.0E0,NULL)
COMMIT
INSERT INTO T_FARMINCOME VALUES('H6XCXF0H','H6XCRWU6','\u7802\u7cd6\u6854','700\u68f5',10.0E0,4.0E0)
COMMIT
INSERT INTO T_OTHERINCOME VALUES('H6XCXVN8','H6XCRWU6',11.0E0,NULL)
COMMIT
INSERT INTO T_OUTPUT VALUES('H6XCXVNC','H6XCRWU6',1.5E0,4.5E0,2.0E0)
COMMIT
DELETE FROM T_OUTPUT WHERE ROWID='H6XCXVNC'
INSERT INTO T_OUTPUT VALUES('H6XCXVNC','H6XCRWU6',1.5E0,4.5E0,2.0E0)
COMMIT
INSERT INTO T_CREDIDT VALUES('H6XCY740','H6XCRWU6','\u5efa\u623f\uff0c\u79cd\u690d',5.0E0,'','','','',NULL,'',NULL,'',NULL)
COMMIT
INSERT INTO T_DEBIGCND VALUES('H6XCY746','H6XCRWU6',NULL,NULL)
COMMIT
